This file contains any messages produced by compilers while
running configure, to aid debugging if configure makes a mistake.

It was created by shelf configure shelf_version, which was
generated by GNU Autoconf 2.68.  Invocation command line was

  $ ./configure --no-create --no-recursion

## --------- ##
## Platform. ##
## --------- ##

hostname = gwen-mint2
uname -m = x86_64
uname -r = 3.2.0-23-generic
uname -s = Linux
uname -v = #36-Ubuntu SMP Tue Apr 10 20:39:51 UTC 2012

/usr/bin/uname -p = unknown
/bin/uname -X     = unknown

/bin/arch              = unknown
/usr/bin/arch -k       = unknown
/usr/convex/getsysinfo = unknown
/usr/bin/hostinfo      = unknown
/bin/machine           = unknown
/usr/bin/oslevel       = unknown
/bin/universe          = unknown

PATH: /usr/local/sbin
PATH: /usr/local/bin
PATH: /usr/sbin
PATH: /usr/bin
PATH: /sbin
PATH: /bin
PATH: /usr/games


## ----------- ##
## Core tests. ##
## ----------- ##

configure:2315: checking whether make supports nested variables
configure:2332: result: yes
configure:2396: checking for a BSD-compatible install
configure:2464: result: /usr/bin/install -c
configure:2475: checking whether build environment is sane
configure:2525: result: yes
configure:2666: checking for a thread-safe mkdir -p
configure:2705: result: /bin/mkdir -p
configure:2718: checking for gawk
configure:2734: found /usr/bin/gawk
configure:2745: result: gawk
configure:2756: checking whether make sets $(MAKE)
configure:2778: result: yes
configure:2853: checking how to create a ustar tar archive
configure:2866: tar --version
tar (GNU tar) 1.26
Copyright (C) 2011 Free Software Foundation, Inc.
License GPLv3+: GNU GPL version 3 or later <http://gnu.org/licenses/gpl.html>.
This is free software: you are free to change and redistribute it.
There is NO WARRANTY, to the extent permitted by law.

Written by John Gilmore and Jay Fenlason.
configure:2869: $? = 0
configure:2909: tardir=conftest.dir && eval tar --format=ustar -chf - "$tardir" >conftest.tar
configure:2912: $? = 0
configure:2916: tar -xf - <conftest.tar
configure:2919: $? = 0
configure:2932: result: gnutar
configure:2940: checking whether to enable maintainer-specific portions of Makefiles
configure:2949: result: no
configure:3011: checking for gcc
configure:3027: found /usr/bin/gcc
configure:3038: result: gcc
configure:3267: checking for C compiler version
configure:3276: gcc --version >&5
gcc (Ubuntu/Linaro 4.6.3-1ubuntu5) 4.6.3
Copyright (C) 2011 Free Software Foundation, Inc.
This is free software; see the source for copying conditions.  There is NO
warranty; not even for MERCHANTABILITY or FITNESS FOR A PARTICULAR PURPOSE.

configure:3287: $? = 0
configure:3276: gcc -v >&5
Using built-in specs.
COLLECT_GCC=gcc
COLLECT_LTO_WRAPPER=/usr/lib/gcc/x86_64-linux-gnu/4.6/lto-wrapper
Target: x86_64-linux-gnu
Configured with: ../src/configure -v --with-pkgversion='Ubuntu/Linaro 4.6.3-1ubuntu5' --with-bugurl=file:///usr/share/doc/gcc-4.6/README.Bugs --enable-languages=c,c++,fortran,objc,obj-c++ --prefix=/usr --program-suffix=-4.6 --enable-shared --enable-linker-build-id --with-system-zlib --libexecdir=/usr/lib --without-included-gettext --enable-threads=posix --with-gxx-include-dir=/usr/include/c++/4.6 --libdir=/usr/lib --enable-nls --with-sysroot=/ --enable-clocale=gnu --enable-libstdcxx-debug --enable-libstdcxx-time=yes --enable-gnu-unique-object --enable-plugin --enable-objc-gc --disable-werror --with-arch-32=i686 --with-tune=generic --enable-checking=release --build=x86_64-linux-gnu --host=x86_64-linux-gnu --target=x86_64-linux-gnu
Thread model: posix
gcc version 4.6.3 (Ubuntu/Linaro 4.6.3-1ubuntu5) 
configure:3287: $? = 0
configure:3276: gcc -V >&5
gcc: error: unrecognized option '-V'
gcc: fatal error: no input files
compilation terminated.
configure:3287: $? = 4
configure:3276: gcc -qversion >&5
gcc: error: unrecognized option '-qversion'
gcc: fatal error: no input files
compilation terminated.
configure:3287: $? = 4
configure:3307: checking whether the C compiler works
configure:3329: gcc    conftest.c  >&5
configure:3333: $? = 0
configure:3381: result: yes
configure:3384: checking for C compiler default output file name
configure:3386: result: a.out
configure:3392: checking for suffix of executables
configure:3399: gcc -o conftest    conftest.c  >&5
configure:3403: $? = 0
configure:3425: result: 
configure:3447: checking whether we are cross compiling
configure:3455: gcc -o conftest    conftest.c  >&5
configure:3459: $? = 0
configure:3466: ./conftest
configure:3470: $? = 0
configure:3485: result: no
configure:3490: checking for suffix of object files
configure:3512: gcc -c   conftest.c >&5
configure:3516: $? = 0
configure:3537: result: o
configure:3541: checking whether we are using the GNU C compiler
configure:3560: gcc -c   conftest.c >&5
configure:3560: $? = 0
configure:3569: result: yes
configure:3578: checking whether gcc accepts -g
configure:3598: gcc -c -g  conftest.c >&5
configure:3598: $? = 0
configure:3639: result: yes
configure:3656: checking for gcc option to accept ISO C89
configure:3720: gcc  -c -g -O2  conftest.c >&5
configure:3720: $? = 0
configure:3733: result: none needed
configure:3764: checking for style of include used by make
configure:3792: result: GNU
configure:3818: checking dependency style of gcc
configure:3929: result: gcc3
configure:3945: checking whether gcc and cc understand -c and -o together
configure:3976: gcc -c conftest.c -o conftest2.o >&5
configure:3980: $? = 0
configure:3986: gcc -c conftest.c -o conftest2.o >&5
configure:3990: $? = 0
configure:4001: cc -c conftest.c >&5
configure:4005: $? = 0
configure:4013: cc -c conftest.c -o conftest2.o >&5
configure:4017: $? = 0
configure:4023: cc -c conftest.c -o conftest2.o >&5
configure:4027: $? = 0
configure:4045: result: yes
configure:4130: checking build system type
configure:4144: result: x86_64-unknown-linux-gnu
configure:4164: checking host system type
configure:4177: result: x86_64-unknown-linux-gnu
configure:4218: checking how to print strings
configure:4245: result: printf
configure:4266: checking for a sed that does not truncate output
configure:4330: result: /bin/sed
configure:4348: checking for grep that handles long lines and -e
configure:4406: result: /bin/grep
configure:4411: checking for egrep
configure:4473: result: /bin/grep -E
configure:4478: checking for fgrep
configure:4540: result: /bin/grep -F
configure:4575: checking for ld used by gcc
configure:4642: result: /usr/bin/ld
configure:4649: checking if the linker (/usr/bin/ld) is GNU ld
configure:4664: result: yes
configure:4676: checking for BSD- or MS-compatible name lister (nm)
configure:4725: result: /usr/bin/nm -B
configure:4855: checking the name lister (/usr/bin/nm -B) interface
configure:4862: gcc -c -g -O2  conftest.c >&5
configure:4865: /usr/bin/nm -B "conftest.o"
configure:4868: output
0000000000000000 B some_variable
configure:4875: result: BSD nm
configure:4878: checking whether ln -s works
configure:4882: result: yes
configure:4890: checking the maximum length of command line arguments
configure:5020: result: 3458764513820540925
configure:5037: checking whether the shell understands some XSI constructs
configure:5047: result: yes
configure:5051: checking whether the shell understands "+="
configure:5057: result: yes
configure:5092: checking how to convert x86_64-unknown-linux-gnu file names to x86_64-unknown-linux-gnu format
configure:5132: result: func_convert_file_noop
configure:5139: checking how to convert x86_64-unknown-linux-gnu file names to toolchain format
configure:5159: result: func_convert_file_noop
configure:5166: checking for /usr/bin/ld option to reload object files
configure:5173: result: -r
configure:5247: checking for objdump
configure:5263: found /usr/bin/objdump
configure:5274: result: objdump
configure:5306: checking how to recognize dependent libraries
configure:5508: result: pass_all
configure:5593: checking for dlltool
configure:5623: result: no
configure:5653: checking how to associate runtime and link libraries
configure:5680: result: printf %s\n
configure:5741: checking for ar
configure:5757: found /usr/bin/ar
configure:5768: result: ar
configure:5805: checking for archiver @FILE support
configure:5822: gcc -c -g -O2  conftest.c >&5
configure:5822: $? = 0
configure:5825: ar cru libconftest.a @conftest.lst >&5
configure:5828: $? = 0
configure:5833: ar cru libconftest.a @conftest.lst >&5
ar: conftest.o: No such file or directory
configure:5836: $? = 1
configure:5848: result: @
configure:5906: checking for strip
configure:5922: found /usr/bin/strip
configure:5933: result: strip
configure:6005: checking for ranlib
configure:6021: found /usr/bin/ranlib
configure:6032: result: ranlib
configure:6134: checking command to parse /usr/bin/nm -B output from gcc object
configure:6254: gcc -c -g -O2  conftest.c >&5
configure:6257: $? = 0
configure:6261: /usr/bin/nm -B conftest.o \| sed -n -e 's/^.*[ ]\([ABCDGIRSTW][ABCDGIRSTW]*\)[ ][ ]*\([_A-Za-z][_A-Za-z0-9]*\)$/\1 \2 \2/p' | sed '/ __gnu_lto/d' \> conftest.nm
configure:6264: $? = 0
configure:6330: gcc -o conftest -g -O2   conftest.c conftstm.o >&5
configure:6333: $? = 0
configure:6371: result: ok
configure:6408: checking for sysroot
configure:6438: result: no
configure:6515: gcc -c -g -O2  conftest.c >&5
configure:6518: $? = 0
configure:6694: checking for mt
configure:6710: found /bin/mt
configure:6721: result: mt
configure:6744: checking if mt is a manifest tool
configure:6750: mt '-?'
configure:6758: result: no
configure:7400: checking how to run the C preprocessor
configure:7431: gcc -E  conftest.c
configure:7431: $? = 0
configure:7445: gcc -E  conftest.c
conftest.c:13:28: fatal error: ac_nonexistent.h: No such file or directory
compilation terminated.
configure:7445: $? = 1
configure: failed program was:
| /* confdefs.h */
| #define PACKAGE_NAME "shelf"
| #define PACKAGE_TARNAME "shelf"
| #define PACKAGE_VERSION "shelf_version"
| #define PACKAGE_STRING "shelf shelf_version"
| #define PACKAGE_BUGREPORT "https://github.com/gwenp/shelf/issues"
| #define PACKAGE_URL "https://github.com/gwenp/shelf"
| #define RELEASE_NAME "Stupidly simple."
| #define VERSION_INFO "Development"
| #define PACKAGE "shelf"
| #define VERSION "shelf_version"
| /* end confdefs.h.  */
| #include <ac_nonexistent.h>
configure:7470: result: gcc -E
configure:7490: gcc -E  conftest.c
configure:7490: $? = 0
configure:7504: gcc -E  conftest.c
conftest.c:13:28: fatal error: ac_nonexistent.h: No such file or directory
compilation terminated.
configure:7504: $? = 1
configure: failed program was:
| /* confdefs.h */
| #define PACKAGE_NAME "shelf"
| #define PACKAGE_TARNAME "shelf"
| #define PACKAGE_VERSION "shelf_version"
| #define PACKAGE_STRING "shelf shelf_version"
| #define PACKAGE_BUGREPORT "https://github.com/gwenp/shelf/issues"
| #define PACKAGE_URL "https://github.com/gwenp/shelf"
| #define RELEASE_NAME "Stupidly simple."
| #define VERSION_INFO "Development"
| #define PACKAGE "shelf"
| #define VERSION "shelf_version"
| /* end confdefs.h.  */
| #include <ac_nonexistent.h>
configure:7533: checking for ANSI C header files
configure:7553: gcc -c -g -O2  conftest.c >&5
configure:7553: $? = 0
configure:7626: gcc -o conftest -g -O2   conftest.c  >&5
configure:7626: $? = 0
configure:7626: ./conftest
configure:7626: $? = 0
configure:7637: result: yes
configure:7650: checking for sys/types.h
configure:7650: gcc -c -g -O2  conftest.c >&5
configure:7650: $? = 0
configure:7650: result: yes
configure:7650: checking for sys/stat.h
configure:7650: gcc -c -g -O2  conftest.c >&5
configure:7650: $? = 0
configure:7650: result: yes
configure:7650: checking for stdlib.h
configure:7650: gcc -c -g -O2  conftest.c >&5
configure:7650: $? = 0
configure:7650: result: yes
configure:7650: checking for string.h
configure:7650: gcc -c -g -O2  conftest.c >&5
configure:7650: $? = 0
configure:7650: result: yes
configure:7650: checking for memory.h
configure:7650: gcc -c -g -O2  conftest.c >&5
configure:7650: $? = 0
configure:7650: result: yes
configure:7650: checking for strings.h
configure:7650: gcc -c -g -O2  conftest.c >&5
configure:7650: $? = 0
configure:7650: result: yes
configure:7650: checking for inttypes.h
configure:7650: gcc -c -g -O2  conftest.c >&5
configure:7650: $? = 0
configure:7650: result: yes
configure:7650: checking for stdint.h
configure:7650: gcc -c -g -O2  conftest.c >&5
configure:7650: $? = 0
configure:7650: result: yes
configure:7650: checking for unistd.h
configure:7650: gcc -c -g -O2  conftest.c >&5
configure:7650: $? = 0
configure:7650: result: yes
configure:7664: checking for dlfcn.h
configure:7664: gcc -c -g -O2  conftest.c >&5
configure:7664: $? = 0
configure:7664: result: yes
configure:7840: checking for objdir
configure:7855: result: .libs
configure:8126: checking if gcc supports -fno-rtti -fno-exceptions
configure:8144: gcc -c -g -O2  -fno-rtti -fno-exceptions conftest.c >&5
cc1: warning: command line option '-fno-rtti' is valid for C++/ObjC++ but not for C [enabled by default]
configure:8148: $? = 0
configure:8161: result: no
configure:8488: checking for gcc option to produce PIC
configure:8495: result: -fPIC -DPIC
configure:8503: checking if gcc PIC flag -fPIC -DPIC works
configure:8521: gcc -c -g -O2  -fPIC -DPIC -DPIC conftest.c >&5
configure:8525: $? = 0
configure:8538: result: yes
configure:8567: checking if gcc static flag -static works
configure:8595: result: yes
configure:8610: checking if gcc supports -c -o file.o
configure:8631: gcc -c -g -O2  -o out/conftest2.o conftest.c >&5
configure:8635: $? = 0
configure:8657: result: yes
configure:8665: checking if gcc supports -c -o file.o
configure:8712: result: yes
configure:8745: checking whether the gcc linker (/usr/bin/ld -m elf_x86_64) supports shared libraries
configure:9902: result: yes
configure:9939: checking whether -lc should be explicitly linked in
configure:9947: gcc -c -g -O2  conftest.c >&5
configure:9950: $? = 0
configure:9965: gcc -shared  -fPIC -DPIC conftest.o  -v -Wl,-soname -Wl,conftest -o conftest 2\>\&1 \| /bin/grep  -lc  \>/dev/null 2\>\&1
configure:9968: $? = 0
configure:9982: result: no
configure:10142: checking dynamic linker characteristics
configure:10653: gcc -o conftest -g -O2   -Wl,-rpath -Wl,/foo conftest.c  >&5
configure:10653: $? = 0
configure:10887: result: GNU/Linux ld.so
configure:10994: checking how to hardcode library paths into programs
configure:11019: result: immediate
configure:11559: checking whether stripping libraries is possible
configure:11564: result: yes
configure:11599: checking if libtool supports shared libraries
configure:11601: result: yes
configure:11604: checking whether to build shared libraries
configure:11625: result: yes
configure:11628: checking whether to build static libraries
configure:11632: result: no
configure:11723: checking for pkg-config
configure:11741: found /usr/bin/pkg-config
configure:11753: result: /usr/bin/pkg-config
configure:11778: checking pkg-config is at least version 0.21
configure:11781: result: yes
configure:11878: checking for cos in -lm
configure:11903: gcc -o conftest -g -O2   conftest.c -lm   >&5
conftest.c:32:6: warning: conflicting types for built-in function 'cos' [enabled by default]
configure:11903: $? = 0
configure:11912: result: yes
configure:11948: checking for valac
configure:11966: found /usr/local/bin/valac
configure:11978: result: /usr/local/bin/valac
configure:11991: checking /usr/local/bin/valac is at least version 0.16.0
configure:11999: result: yes
configure:12020: checking for vapigen
configure:12038: found /usr/local/bin/vapigen
configure:12050: result: /usr/local/bin/vapigen
configure:12102: checking for glib-compile-resources
configure:12120: found /usr/bin/glib-compile-resources
configure:12132: result: /usr/bin/glib-compile-resources
configure:12147: checking for xmllint
configure:12165: found /usr/bin/xmllint
configure:12177: result: /usr/bin/xmllint
configure:12198: checking for BAMF
configure:12205: $PKG_CONFIG --exists --print-errors "$BAMF_PKGS"
Requested 'libbamf3 >= 0.4.0' but version of libbamf3 is 0.3.6
configure:12208: $? = 1
configure:12222: $PKG_CONFIG --exists --print-errors "$BAMF_PKGS"
Requested 'libbamf3 >= 0.4.0' but version of libbamf3 is 0.3.6
configure:12225: $? = 1
configure:12239: result: no
Requested 'libbamf3 >= 0.4.0' but version of libbamf3 is 0.3.6
configure:12286: checking for GEE_0_8
configure:12293: $PKG_CONFIG --exists --print-errors "gee-0.8"
Package gee-0.8 was not found in the pkg-config search path.
Perhaps you should add the directory containing `gee-0.8.pc'
to the PKG_CONFIG_PATH environment variable
No package 'gee-0.8' found
configure:12296: $? = 1
configure:12310: $PKG_CONFIG --exists --print-errors "gee-0.8"
Package gee-0.8 was not found in the pkg-config search path.
Perhaps you should add the directory containing `gee-0.8.pc'
to the PKG_CONFIG_PATH environment variable
No package 'gee-0.8' found
configure:12313: $? = 1
configure:12327: result: no
No package 'gee-0.8' found
configure:12386: checking for DBUSMENU
configure:12393: $PKG_CONFIG --exists --print-errors "$DBUSMENU_PKGS"
Package dbusmenu-glib-0.4 was not found in the pkg-config search path.
Perhaps you should add the directory containing `dbusmenu-glib-0.4.pc'
to the PKG_CONFIG_PATH environment variable
No package 'dbusmenu-glib-0.4' found
Package dbusmenu-gtk3-0.4 was not found in the pkg-config search path.
Perhaps you should add the directory containing `dbusmenu-gtk3-0.4.pc'
to the PKG_CONFIG_PATH environment variable
No package 'dbusmenu-gtk3-0.4' found
configure:12396: $? = 1
configure:12410: $PKG_CONFIG --exists --print-errors "$DBUSMENU_PKGS"
Package dbusmenu-glib-0.4 was not found in the pkg-config search path.
Perhaps you should add the directory containing `dbusmenu-glib-0.4.pc'
to the PKG_CONFIG_PATH environment variable
No package 'dbusmenu-glib-0.4' found
Package dbusmenu-gtk3-0.4 was not found in the pkg-config search path.
Perhaps you should add the directory containing `dbusmenu-gtk3-0.4.pc'
to the PKG_CONFIG_PATH environment variable
No package 'dbusmenu-gtk3-0.4' found
configure:12413: $? = 1
configure:12427: result: no
No package 'dbusmenu-glib-0.4' found
No package 'dbusmenu-gtk3-0.4' found
configure:12477: checking for SHELF_CORE
configure:12484: $PKG_CONFIG --exists --print-errors "$SHELF_CORE_PKGS"
configure:12487: $? = 0
configure:12501: $PKG_CONFIG --exists --print-errors "$SHELF_CORE_PKGS"
configure:12504: $? = 0
configure:12562: result: yes
configure:12907: checking whether NLS is requested
configure:12916: result: yes
configure:12934: checking for intltool >= 0.35.0
configure:12936: result: 0.50.2 found
configure:12944: checking for intltool-update
configure:12962: found /usr/bin/intltool-update
configure:12974: result: /usr/bin/intltool-update
configure:12984: checking for intltool-merge
configure:13002: found /usr/bin/intltool-merge
configure:13014: result: /usr/bin/intltool-merge
configure:13024: checking for intltool-extract
configure:13042: found /usr/bin/intltool-extract
configure:13054: result: /usr/bin/intltool-extract
configure:13208: checking for xgettext
configure:13226: found /usr/bin/xgettext
configure:13238: result: /usr/bin/xgettext
configure:13248: checking for msgmerge
configure:13266: found /usr/bin/msgmerge
configure:13278: result: /usr/bin/msgmerge
configure:13288: checking for msgfmt
configure:13306: found /usr/bin/msgfmt
configure:13318: result: /usr/bin/msgfmt
configure:13328: checking for gmsgfmt
configure:13359: result: /usr/bin/msgfmt
configure:13379: checking for perl
configure:13397: found /usr/bin/perl
configure:13409: result: /usr/bin/perl
configure:13420: checking for perl >= 5.8.1
configure:13427: result: 5.14.2
configure:13431: checking for XML::Parser
configure:13434: result: ok
configure:13459: gcc -o conftest -g -O2   conftest.c  >&5
configure:13459: $? = 0
configure:13655: creating ./config.status

## ---------------- ##
## Cache variables. ##
## ---------------- ##

ac_cv_build=x86_64-unknown-linux-gnu
ac_cv_c_compiler_gnu=yes
ac_cv_env_BAMF_CFLAGS_set=
ac_cv_env_BAMF_CFLAGS_value=
ac_cv_env_BAMF_LIBS_set=
ac_cv_env_BAMF_LIBS_value=
ac_cv_env_CC_set=
ac_cv_env_CC_value=
ac_cv_env_CFLAGS_set=
ac_cv_env_CFLAGS_value=
ac_cv_env_CPPFLAGS_set=
ac_cv_env_CPPFLAGS_value=
ac_cv_env_CPP_set=
ac_cv_env_CPP_value=
ac_cv_env_DBUSMENU_CFLAGS_set=
ac_cv_env_DBUSMENU_CFLAGS_value=
ac_cv_env_DBUSMENU_LIBS_set=
ac_cv_env_DBUSMENU_LIBS_value=
ac_cv_env_GEE_0_8_CFLAGS_set=
ac_cv_env_GEE_0_8_CFLAGS_value=
ac_cv_env_GEE_0_8_LIBS_set=
ac_cv_env_GEE_0_8_LIBS_value=
ac_cv_env_GLIB_COMPILE_RESOURCES_set=
ac_cv_env_GLIB_COMPILE_RESOURCES_value=
ac_cv_env_LDFLAGS_set=
ac_cv_env_LDFLAGS_value=
ac_cv_env_LIBS_set=
ac_cv_env_LIBS_value=
ac_cv_env_PKG_CONFIG_LIBDIR_set=
ac_cv_env_PKG_CONFIG_LIBDIR_value=
ac_cv_env_PKG_CONFIG_PATH_set=
ac_cv_env_PKG_CONFIG_PATH_value=
ac_cv_env_PKG_CONFIG_set=
ac_cv_env_PKG_CONFIG_value=
ac_cv_env_SHELF_CORE_CFLAGS_set=
ac_cv_env_SHELF_CORE_CFLAGS_value=
ac_cv_env_SHELF_CORE_LIBS_set=
ac_cv_env_SHELF_CORE_LIBS_value=
ac_cv_env_VALADOC_CFLAGS_set=
ac_cv_env_VALADOC_CFLAGS_value=
ac_cv_env_VALADOC_LIBS_set=
ac_cv_env_VALADOC_LIBS_value=
ac_cv_env_XMLLINT_set=
ac_cv_env_XMLLINT_value=
ac_cv_env_build_alias_set=
ac_cv_env_build_alias_value=
ac_cv_env_host_alias_set=
ac_cv_env_host_alias_value=
ac_cv_env_target_alias_set=
ac_cv_env_target_alias_value=
ac_cv_header_dlfcn_h=yes
ac_cv_header_inttypes_h=yes
ac_cv_header_memory_h=yes
ac_cv_header_stdc=yes
ac_cv_header_stdint_h=yes
ac_cv_header_stdlib_h=yes
ac_cv_header_string_h=yes
ac_cv_header_strings_h=yes
ac_cv_header_sys_stat_h=yes
ac_cv_header_sys_types_h=yes
ac_cv_header_unistd_h=yes
ac_cv_host=x86_64-unknown-linux-gnu
ac_cv_lib_m_cos=yes
ac_cv_objext=o
ac_cv_path_EGREP='/bin/grep -E'
ac_cv_path_FGREP='/bin/grep -F'
ac_cv_path_GLIB_COMPILE_RESOURCES=/usr/bin/glib-compile-resources
ac_cv_path_GMSGFMT=/usr/bin/msgfmt
ac_cv_path_GREP=/bin/grep
ac_cv_path_INTLTOOL_EXTRACT=/usr/bin/intltool-extract
ac_cv_path_INTLTOOL_MERGE=/usr/bin/intltool-merge
ac_cv_path_INTLTOOL_PERL=/usr/bin/perl
ac_cv_path_INTLTOOL_UPDATE=/usr/bin/intltool-update
ac_cv_path_MSGFMT=/usr/bin/msgfmt
ac_cv_path_MSGMERGE=/usr/bin/msgmerge
ac_cv_path_SED=/bin/sed
ac_cv_path_VALAC=/usr/local/bin/valac
ac_cv_path_VAPIGEN=/usr/local/bin/vapigen
ac_cv_path_XGETTEXT=/usr/bin/xgettext
ac_cv_path_XMLLINT=/usr/bin/xmllint
ac_cv_path_ac_pt_PKG_CONFIG=/usr/bin/pkg-config
ac_cv_path_install='/usr/bin/install -c'
ac_cv_path_mkdir=/bin/mkdir
ac_cv_prog_AWK=gawk
ac_cv_prog_CPP='gcc -E'
ac_cv_prog_ac_ct_AR=ar
ac_cv_prog_ac_ct_CC=gcc
ac_cv_prog_ac_ct_MANIFEST_TOOL=mt
ac_cv_prog_ac_ct_OBJDUMP=objdump
ac_cv_prog_ac_ct_RANLIB=ranlib
ac_cv_prog_ac_ct_STRIP=strip
ac_cv_prog_cc_c89=
ac_cv_prog_cc_g=yes
ac_cv_prog_cc_gcc_c_o=yes
ac_cv_prog_make_make_set=yes
am_cv_CC_dependencies_compiler_type=gcc3
am_cv_make_support_nested_variables=yes
am_cv_prog_tar_ustar=gnutar
lt_cv_ar_at_file=@
lt_cv_archive_cmds_need_lc=no
lt_cv_deplibs_check_method=pass_all
lt_cv_file_magic_cmd='$MAGIC_CMD'
lt_cv_file_magic_test_file=
lt_cv_ld_reload_flag=-r
lt_cv_nm_interface='BSD nm'
lt_cv_objdir=.libs
lt_cv_path_LD=/usr/bin/ld
lt_cv_path_NM='/usr/bin/nm -B'
lt_cv_path_mainfest_tool=no
lt_cv_prog_compiler_c_o=yes
lt_cv_prog_compiler_pic='-fPIC -DPIC'
lt_cv_prog_compiler_pic_works=yes
lt_cv_prog_compiler_rtti_exceptions=no
lt_cv_prog_compiler_static_works=yes
lt_cv_prog_gnu_ld=yes
lt_cv_sharedlib_from_linklib_cmd='printf %s\n'
lt_cv_shlibpath_overrides_runpath=no
lt_cv_sys_global_symbol_pipe='sed -n -e '\''s/^.*[	 ]\([ABCDGIRSTW][ABCDGIRSTW]*\)[	 ][	 ]*\([_A-Za-z][_A-Za-z0-9]*\)$/\1 \2 \2/p'\'' | sed '\''/ __gnu_lto/d'\'''
lt_cv_sys_global_symbol_to_c_name_address='sed -n -e '\''s/^: \([^ ]*\)[ ]*$/  {\"\1\", (void *) 0},/p'\'' -e '\''s/^[ABCDGIRSTW]* \([^ ]*\) \([^ ]*\)$/  {"\2", (void *) \&\2},/p'\'''
lt_cv_sys_global_symbol_to_c_name_address_lib_prefix='sed -n -e '\''s/^: \([^ ]*\)[ ]*$/  {\"\1\", (void *) 0},/p'\'' -e '\''s/^[ABCDGIRSTW]* \([^ ]*\) \(lib[^ ]*\)$/  {"\2", (void *) \&\2},/p'\'' -e '\''s/^[ABCDGIRSTW]* \([^ ]*\) \([^ ]*\)$/  {"lib\2", (void *) \&\2},/p'\'''
lt_cv_sys_global_symbol_to_cdecl='sed -n -e '\''s/^T .* \(.*\)$/extern int \1();/p'\'' -e '\''s/^[ABCDGIRSTW]* .* \(.*\)$/extern char \1;/p'\'''
lt_cv_sys_max_cmd_len=3458764513820540925
lt_cv_to_host_file_cmd=func_convert_file_noop
lt_cv_to_tool_file_cmd=func_convert_file_noop
pkg_cv_SHELF_CORE_CFLAGS='-pthread -DWNCK_I_KNOW_THIS_IS_UNSTABLE -I/usr/include/glib-2.0 -I/usr/lib/x86_64-linux-gnu/glib-2.0/include -I/usr/include/gio-unix-2.0/ -I/usr/include/gtk-3.0 -I/usr/include/pango-1.0 -I/usr/include/atk-1.0 -I/usr/include/cairo -I/usr/include/gdk-pixbuf-2.0 -I/usr/include/freetype2 -I/usr/include/pixman-1 -I/usr/include/libpng12 -I/usr/include/libbamf3 -I/usr/lib/x86_64-linux-gnu/libbamf3/include -I/usr/include/startup-notification-1.0 -I/usr/include/gee-1.0 -I/usr/include/libwnck-3.0  '
pkg_cv_SHELF_CORE_LIBS='-pthread -lgthread-2.0 -lrt -lbamf3 -lwnck-3 -lgtk-3 -lgdk-3 -latk-1.0 -lgio-2.0 -lpangocairo-1.0 -lgdk_pixbuf-2.0 -lcairo-gobject -lpango-1.0 -lcairo -lX11 -lgee -lgobject-2.0 -lglib-2.0  '

## ----------------- ##
## Output variables. ##
## ----------------- ##

ACLOCAL='${SHELL} /home/gwen/Programmation/vala/vala-sandbox/missing --run aclocal-1.11'
ALL_LINGUAS=''
AMDEPBACKSLASH='\'
AMDEP_FALSE='#'
AMDEP_TRUE=''
AMTAR='$${TAR-tar}'
AM_BACKSLASH='\'
AM_DEFAULT_V='$(AM_DEFAULT_VERBOSITY)'
AM_DEFAULT_VERBOSITY='0'
AM_V='$(V)'
API_VERSION='0.2'
AR='ar'
AUTOCONF='${SHELL} /home/gwen/Programmation/vala/vala-sandbox/missing --run autoconf'
AUTOHEADER='${SHELL} /home/gwen/Programmation/vala/vala-sandbox/missing --run autoheader'
AUTOMAKE='${SHELL} /home/gwen/Programmation/vala/vala-sandbox/missing --run automake-1.11'
AWK='gawk'
BAMF_CFLAGS=''
BAMF_LIBS=''
CC='gcc'
CCDEPMODE='depmode=gcc3'
CFLAGS='-g -O2'
CPP='gcc -E'
CPPFLAGS=''
CYGPATH_W='echo'
DATADIRNAME='share'
DBUSMENU_CFLAGS=''
DBUSMENU_LIBS=''
DBUS_LAUNCH=''
DEFS='-DHAVE_CONFIG_H'
DEPDIR='.deps'
DLLTOOL='false'
DSYMUTIL=''
DUMPBIN=''
ECHO_C=''
ECHO_N='-n'
ECHO_T=''
EGREP='/bin/grep -E'
ENABLE_DOCS_FALSE=''
ENABLE_DOCS_TRUE='#'
EXEEXT=''
FGREP='/bin/grep -F'
GEE_0_8_CFLAGS=''
GEE_0_8_LIBS=''
GEE_DEPEND='gee-1.0'
GETTEXT_PACKAGE='shelf'
GLIB_COMPILE_RESOURCES='/usr/bin/glib-compile-resources'
GMSGFMT='/usr/bin/msgfmt'
GREP='/bin/grep'
HAVE_BAMF_0_4_FALSE=''
HAVE_BAMF_0_4_TRUE='#'
HAVE_DBUSMENU_FALSE=''
HAVE_DBUSMENU_TRUE='#'
HAVE_GEE_0_8_FALSE=''
HAVE_GEE_0_8_TRUE='#'
HAVE_HEADLESS_TESTS_FALSE=''
HAVE_HEADLESS_TESTS_TRUE='#'
HAVE_VALADOC_FALSE=''
HAVE_VALADOC_TRUE='#'
INSTALL_DATA='${INSTALL} -m 644'
INSTALL_PROGRAM='${INSTALL}'
INSTALL_SCRIPT='${INSTALL}'
INSTALL_STRIP_PROGRAM='$(install_sh) -c -s'
INTLTOOL_CAVES_RULE='%.caves:     %.caves.in     $(INTLTOOL_MERGE) $(wildcard $(top_srcdir)/po/*.po) ; $(INTLTOOL_V_MERGE)LC_ALL=C $(INTLTOOL_MERGE) $(INTLTOOL_V_MERGE_OPTIONS) -d -u -c $(top_builddir)/po/.intltool-merge-cache $(top_srcdir)/po $< $@'
INTLTOOL_DESKTOP_RULE='%.desktop:   %.desktop.in   $(INTLTOOL_MERGE) $(wildcard $(top_srcdir)/po/*.po) ; $(INTLTOOL_V_MERGE)LC_ALL=C $(INTLTOOL_MERGE) $(INTLTOOL_V_MERGE_OPTIONS) -d -u -c $(top_builddir)/po/.intltool-merge-cache $(top_srcdir)/po $< $@'
INTLTOOL_DIRECTORY_RULE='%.directory: %.directory.in $(INTLTOOL_MERGE) $(wildcard $(top_srcdir)/po/*.po) ; $(INTLTOOL_V_MERGE)LC_ALL=C $(INTLTOOL_MERGE) $(INTLTOOL_V_MERGE_OPTIONS) -d -u -c $(top_builddir)/po/.intltool-merge-cache $(top_srcdir)/po $< $@'
INTLTOOL_EXTRACT='/usr/bin/intltool-extract'
INTLTOOL_KBD_RULE='%.kbd:       %.kbd.in       $(INTLTOOL_MERGE) $(wildcard $(top_srcdir)/po/*.po) ; $(INTLTOOL_V_MERGE)LC_ALL=C $(INTLTOOL_MERGE) $(INTLTOOL_V_MERGE_OPTIONS) -x -u -m -c $(top_builddir)/po/.intltool-merge-cache $(top_srcdir)/po $< $@'
INTLTOOL_KEYS_RULE='%.keys:      %.keys.in      $(INTLTOOL_MERGE) $(wildcard $(top_srcdir)/po/*.po) ; $(INTLTOOL_V_MERGE)LC_ALL=C $(INTLTOOL_MERGE) $(INTLTOOL_V_MERGE_OPTIONS) -k -u -c $(top_builddir)/po/.intltool-merge-cache $(top_srcdir)/po $< $@'
INTLTOOL_MERGE='/usr/bin/intltool-merge'
INTLTOOL_OAF_RULE='%.oaf:       %.oaf.in       $(INTLTOOL_MERGE) $(wildcard $(top_srcdir)/po/*.po) ; $(INTLTOOL_V_MERGE)LC_ALL=C $(INTLTOOL_MERGE) $(INTLTOOL_V_MERGE_OPTIONS) -o -p $(top_srcdir)/po $< $@'
INTLTOOL_PERL='/usr/bin/perl'
INTLTOOL_POLICY_RULE='%.policy:    %.policy.in    $(INTLTOOL_MERGE) $(wildcard $(top_srcdir)/po/*.po) ; $(INTLTOOL_V_MERGE)LC_ALL=C $(INTLTOOL_MERGE) $(INTLTOOL_V_MERGE_OPTIONS) -x -u -c $(top_builddir)/po/.intltool-merge-cache $(top_srcdir)/po $< $@'
INTLTOOL_PONG_RULE='%.pong:      %.pong.in      $(INTLTOOL_MERGE) $(wildcard $(top_srcdir)/po/*.po) ; $(INTLTOOL_V_MERGE)LC_ALL=C $(INTLTOOL_MERGE) $(INTLTOOL_V_MERGE_OPTIONS) -x -u -c $(top_builddir)/po/.intltool-merge-cache $(top_srcdir)/po $< $@'
INTLTOOL_PROP_RULE='%.prop:      %.prop.in      $(INTLTOOL_MERGE) $(wildcard $(top_srcdir)/po/*.po) ; $(INTLTOOL_V_MERGE)LC_ALL=C $(INTLTOOL_MERGE) $(INTLTOOL_V_MERGE_OPTIONS) -d -u -c $(top_builddir)/po/.intltool-merge-cache $(top_srcdir)/po $< $@'
INTLTOOL_SCHEMAS_RULE='%.schemas:   %.schemas.in   $(INTLTOOL_MERGE) $(wildcard $(top_srcdir)/po/*.po) ; $(INTLTOOL_V_MERGE)LC_ALL=C $(INTLTOOL_MERGE) $(INTLTOOL_V_MERGE_OPTIONS) -s -u -c $(top_builddir)/po/.intltool-merge-cache $(top_srcdir)/po $< $@'
INTLTOOL_SERVER_RULE='%.server:    %.server.in    $(INTLTOOL_MERGE) $(wildcard $(top_srcdir)/po/*.po) ; $(INTLTOOL_V_MERGE)LC_ALL=C $(INTLTOOL_MERGE) $(INTLTOOL_V_MERGE_OPTIONS) -o -u -c $(top_builddir)/po/.intltool-merge-cache $(top_srcdir)/po $< $@'
INTLTOOL_SERVICE_RULE='%.service: %.service.in   $(INTLTOOL_MERGE) $(wildcard $(top_srcdir)/po/*.po) ; $(INTLTOOL_V_MERGE)LC_ALL=C $(INTLTOOL_MERGE) $(INTLTOOL_V_MERGE_OPTIONS) -d -u -c $(top_builddir)/po/.intltool-merge-cache $(top_srcdir)/po $< $@'
INTLTOOL_SHEET_RULE='%.sheet:     %.sheet.in     $(INTLTOOL_MERGE) $(wildcard $(top_srcdir)/po/*.po) ; $(INTLTOOL_V_MERGE)LC_ALL=C $(INTLTOOL_MERGE) $(INTLTOOL_V_MERGE_OPTIONS) -x -u -c $(top_builddir)/po/.intltool-merge-cache $(top_srcdir)/po $< $@'
INTLTOOL_SOUNDLIST_RULE='%.soundlist: %.soundlist.in $(INTLTOOL_MERGE) $(wildcard $(top_srcdir)/po/*.po) ; $(INTLTOOL_V_MERGE)LC_ALL=C $(INTLTOOL_MERGE) $(INTLTOOL_V_MERGE_OPTIONS) -d -u -c $(top_builddir)/po/.intltool-merge-cache $(top_srcdir)/po $< $@'
INTLTOOL_THEME_RULE='%.theme:     %.theme.in     $(INTLTOOL_MERGE) $(wildcard $(top_srcdir)/po/*.po) ; $(INTLTOOL_V_MERGE)LC_ALL=C $(INTLTOOL_MERGE) $(INTLTOOL_V_MERGE_OPTIONS) -d -u -c $(top_builddir)/po/.intltool-merge-cache $(top_srcdir)/po $< $@'
INTLTOOL_UI_RULE='%.ui:        %.ui.in        $(INTLTOOL_MERGE) $(wildcard $(top_srcdir)/po/*.po) ; $(INTLTOOL_V_MERGE)LC_ALL=C $(INTLTOOL_MERGE) $(INTLTOOL_V_MERGE_OPTIONS) -x -u -c $(top_builddir)/po/.intltool-merge-cache $(top_srcdir)/po $< $@'
INTLTOOL_UPDATE='/usr/bin/intltool-update'
INTLTOOL_V_MERGE='$(INTLTOOL__v_MERGE_$(V))'
INTLTOOL_V_MERGE_OPTIONS='$(intltool__v_merge_options_$(V))'
INTLTOOL_XAM_RULE='%.xam:       %.xml.in       $(INTLTOOL_MERGE) $(wildcard $(top_srcdir)/po/*.po) ; $(INTLTOOL_V_MERGE)LC_ALL=C $(INTLTOOL_MERGE) $(INTLTOOL_V_MERGE_OPTIONS) -x -u -c $(top_builddir)/po/.intltool-merge-cache $(top_srcdir)/po $< $@'
INTLTOOL_XML_NOMERGE_RULE='%.xml:       %.xml.in       $(INTLTOOL_MERGE) ; $(INTLTOOL_V_MERGE)LC_ALL=C $(INTLTOOL_MERGE) $(INTLTOOL_V_MERGE_OPTIONS) -x -u --no-translations $< $@'
INTLTOOL_XML_RULE='%.xml:       %.xml.in       $(INTLTOOL_MERGE) $(wildcard $(top_srcdir)/po/*.po) ; $(INTLTOOL_V_MERGE)LC_ALL=C $(INTLTOOL_MERGE) $(INTLTOOL_V_MERGE_OPTIONS) -x -u -c $(top_builddir)/po/.intltool-merge-cache $(top_srcdir)/po $< $@'
INTLTOOL__v_MERGE_0='@echo "  ITMRG " $@;'
INTLTOOL__v_MERGE_='$(INTLTOOL__v_MERGE_$(AM_DEFAULT_VERBOSITY))'
LD='/usr/bin/ld -m elf_x86_64'
LDFLAGS=''
LIBM='-lm'
LIBOBJS=''
LIBS=''
LIBTOOL='$(SHELL) $(top_builddir)/libtool'
LIPO=''
LN_S='ln -s'
LTLIBOBJS=''
LT_AGE='0'
LT_CURRENT='0'
LT_REVISION='0'
MAINT='#'
MAINTAINER_MODE_FALSE=''
MAINTAINER_MODE_TRUE='#'
MAKEINFO='${SHELL} /home/gwen/Programmation/vala/vala-sandbox/missing --run makeinfo'
MANIFEST_TOOL=':'
MKDIR_P='/bin/mkdir -p'
MSGFMT='/usr/bin/msgfmt'
MSGMERGE='/usr/bin/msgmerge'
NM='/usr/bin/nm -B'
NMEDIT=''
OBJDUMP='objdump'
OBJEXT='o'
OTOOL64=''
OTOOL=''
PACKAGE='shelf'
PACKAGE_BUGREPORT='https://github.com/gwenp/shelf/issues'
PACKAGE_NAME='shelf'
PACKAGE_STRING='shelf shelf_version'
PACKAGE_TARNAME='shelf'
PACKAGE_URL='https://github.com/gwenp/shelf'
PACKAGE_VERSION='shelf_version'
PATH_SEPARATOR=':'
PKG_CONFIG='/usr/bin/pkg-config'
PKG_CONFIG_LIBDIR=''
PKG_CONFIG_PATH=''
RANLIB='ranlib'
SED='/bin/sed'
SET_MAKE=''
SHELF_CORE_CFLAGS='-pthread -DWNCK_I_KNOW_THIS_IS_UNSTABLE -I/usr/include/glib-2.0 -I/usr/lib/x86_64-linux-gnu/glib-2.0/include -I/usr/include/gio-unix-2.0/ -I/usr/include/gtk-3.0 -I/usr/include/pango-1.0 -I/usr/include/atk-1.0 -I/usr/include/cairo -I/usr/include/gdk-pixbuf-2.0 -I/usr/include/freetype2 -I/usr/include/pixman-1 -I/usr/include/libpng12 -I/usr/include/libbamf3 -I/usr/lib/x86_64-linux-gnu/libbamf3/include -I/usr/include/startup-notification-1.0 -I/usr/include/gee-1.0 -I/usr/include/libwnck-3.0  '
SHELF_CORE_LIBS='-pthread -lgthread-2.0 -lrt -lbamf3 -lwnck-3 -lgtk-3 -lgdk-3 -latk-1.0 -lgio-2.0 -lpangocairo-1.0 -lgdk_pixbuf-2.0 -lcairo-gobject -lpango-1.0 -lcairo -lX11 -lgee -lgobject-2.0 -lglib-2.0  '
SHELF_CORE_OPTIONAL_PKGS=''
SHELF_CORE_VALAFLAGS='--thread -g --target-glib=2.32 --pkg gio-unix-2.0                       --pkg gtk+-3.0                       --pkg gdk-x11-3.0                       --pkg gdk-pixbuf-2.0                       --pkg libbamf3                       --pkg libwnck-3.0                       --pkg posix                       --pkg x11 --pkg gee-1.0'
SHELF_DOCS_VALAFLAGS='--target-glib=2.32 --pkg gio-unix-2.0                       --pkg gtk+-3.0                       --pkg gdk-x11-3.0                       --pkg gdk-pixbuf-2.0                       --pkg libbamf3                       --pkg libwnck-3.0                       --pkg posix                       --pkg x11 --pkg gee-1.0'
SHELF_MAJOR_MINOR_VERSION='shelf_major_minor_version'
SHELL='/bin/bash'
STRIP='strip'
USE_NLS='yes'
VALAC='/usr/local/bin/valac'
VALADOC=''
VALADOC_CFLAGS=''
VALADOC_LIBS=''
VAPIGEN='/usr/local/bin/vapigen'
VERSION='shelf_version'
XGETTEXT='/usr/bin/xgettext'
XMLLINT='/usr/bin/xmllint'
XVFB_RUN=''
ac_ct_AR='ar'
ac_ct_CC='gcc'
ac_ct_DUMPBIN=''
am__EXEEXT_FALSE=''
am__EXEEXT_TRUE='#'
am__fastdepCC_FALSE='#'
am__fastdepCC_TRUE=''
am__include='include'
am__isrc=''
am__leading_dot='.'
am__nodep='_no'
am__quote=''
am__tar='tar --format=ustar -chf - "$$tardir"'
am__untar='tar -xf -'
bindir='${exec_prefix}/bin'
build='x86_64-unknown-linux-gnu'
build_alias=''
build_cpu='x86_64'
build_os='linux-gnu'
build_vendor='unknown'
datadir='${datarootdir}'
datarootdir='${prefix}/share'
docdir='${datarootdir}/doc/${PACKAGE_TARNAME}'
dvidir='${docdir}'
exec_prefix='${prefix}'
host='x86_64-unknown-linux-gnu'
host_alias=''
host_cpu='x86_64'
host_os='linux-gnu'
host_vendor='unknown'
htmldir='${docdir}'
includedir='${prefix}/include'
infodir='${datarootdir}/info'
install_sh='${SHELL} /home/gwen/Programmation/vala/vala-sandbox/install-sh'
intltool__v_merge_options_0='-q'
intltool__v_merge_options_='$(intltool__v_merge_options_$(AM_DEFAULT_VERBOSITY))'
libdir='${exec_prefix}/lib'
libexecdir='${exec_prefix}/libexec'
localedir='${datarootdir}/locale'
localstatedir='${prefix}/var'
mandir='${datarootdir}/man'
mkdir_p='/bin/mkdir -p'
oldincludedir='/usr/include'
pdfdir='${docdir}'
prefix='/usr/local'
program_transform_name='s,x,x,'
psdir='${docdir}'
sbindir='${exec_prefix}/sbin'
sharedstatedir='${prefix}/com'
sysconfdir='${prefix}/etc'
target_alias=''

## ----------- ##
## confdefs.h. ##
## ----------- ##

/* confdefs.h */
#define PACKAGE_NAME "shelf"
#define PACKAGE_TARNAME "shelf"
#define PACKAGE_VERSION "shelf_version"
#define PACKAGE_STRING "shelf shelf_version"
#define PACKAGE_BUGREPORT "https://github.com/gwenp/shelf/issues"
#define PACKAGE_URL "https://github.com/gwenp/shelf"
#define RELEASE_NAME "Stupidly simple."
#define VERSION_INFO "Development"
#define PACKAGE "shelf"
#define VERSION "shelf_version"
#define STDC_HEADERS 1
#define HAVE_SYS_TYPES_H 1
#define HAVE_SYS_STAT_H 1
#define HAVE_STDLIB_H 1
#define HAVE_STRING_H 1
#define HAVE_MEMORY_H 1
#define HAVE_STRINGS_H 1
#define HAVE_INTTYPES_H 1
#define HAVE_STDINT_H 1
#define HAVE_UNISTD_H 1
#define HAVE_DLFCN_H 1
#define LT_OBJDIR ".libs/"
#define GETTEXT_PACKAGE "shelf"

configure: exit 0

## ---------------------- ##
## Running config.status. ##
## ---------------------- ##

This file was extended by shelf config.status shelf_version, which was
generated by GNU Autoconf 2.68.  Invocation command line was

  CONFIG_FILES    = 
  CONFIG_HEADERS  = 
  CONFIG_LINKS    = 
  CONFIG_COMMANDS = 
  $ ./config.status 

on gwen-mint2

config.status:1219: creating Makefile
config.status:1219: creating data/Makefile
config.status:1219: creating data/apport/Makefile
config.status:1219: creating data/icons/Makefile
config.status:1219: creating data/themes/Makefile
config.status:1219: creating lib/Makefile
config.status:1219: creating lib/shelf.deps
config.status:1219: creating lib/shelf.pc
config.status:1219: creating man/Makefile
config.status:1219: creating src/Makefile
config.status:1219: creating docs/Makefile
config.status:1219: creating po/Makefile.in
config.status:1219: creating tests/Makefile
config.status:1219: creating vapi/Makefile
config.status:1219: creating config.h
config.status:1400: config.h is unchanged
config.status:1448: executing depfiles commands
config.status:1448: executing libtool commands
config.status:1448: executing po/stamp-it commands
